Arguments: 
  /usr/bin/node /usr/local/bin/yarn init

PATH: 
  /home/daniel/.vscode-server/bin/6c3e3dba23e8fadc360aed75ce363ba185c49794/bin/remote-cli:/home/daniel/.nix-profile/bin:/home/daniel/.local/bin:/usr/local/sbin:/usr/local/bin:/usr/sbin:/usr/bin:/sbin:/bin:/usr/games:/usr/local/games:/usr/lib/wsl/lib:/mnt/c/Program Files/Microsoft MPI/Bin/:/mnt/c/Program Files/Microsoft/jdk-11.0.16.101-hotspot/bin:/mnt/c/Program Files/Common Files/Oracle/Java/javapath:/mnt/c/Program Files (x86)/Common Files/Intel/Shared Libraries/redist/intel64/compiler:/mnt/c/Program Files (x86)/Common Files/Oracle/Java/javapath:/mnt/c/Windows/system32:/mnt/c/Windows:/mnt/c/Windows/System32/Wbem:/mnt/c/Windows/System32/WindowsPowerShell/v1.0/:/mnt/c/Windows/System32/OpenSSH/:/mnt/c/Program Files/Git/cmd:/mnt/c/Program Files/PuTTY/:/mnt/c/Program Files (x86)/NVIDIA Corporation/PhysX/Common:/mnt/c/Program Files/dotnet/:/mnt/c/Program Files/Airshipper/:/mnt/c/Program Files/NVIDIA Corporation/NVIDIA NvDLISR:/mnt/c/Program Files/MATLAB/R2022b/bin:/mnt/c/Program Files/Microsoft SQL Server/Client SDK/ODBC/170/Tools/Binn/:/mnt/c/Program Files/Microsoft SQL Server/150/Tools/Binn/:/mnt/c/Program Files/swipl/bin:/mnt/c/Program Files (x86)/Microsoft SQL Server/160/Tools/Binn/:/mnt/c/Program Files/Microsoft SQL Server/160/Tools/Binn/:/mnt/c/Program Files/Microsoft SQL Server/160/DTS/Binn/:/mnt/c/Users/danny/.cargo/bin:/mnt/c/Users/danny/AppData/Local/Programs/Python/Python37/Scripts/:/mnt/c/Users/danny/AppData/Local/Programs/Python/Python37/:/mnt/c/Users/danny/AppData/Local/Programs/Python/Python38/Scripts/:/mnt/c/Users/danny/AppData/Local/Programs/Python/Python38/:/mnt/c/Users/danny/AppData/Local/Programs/Python/Python38-32/Scripts/:/mnt/c/Users/danny/AppData/Local/Programs/Python/Python38-32/:/mnt/c/Users/danny/AppData/Local/Microsoft/WindowsApps:/mnt/c/src/flutter/bin:/mnt/c/Users/danny/AppData/Local/Android/Sdk/tools:/mnt/c/Users/danny/AppData/Local/Android/Sdk/platform-tools:/mnt/c/Users/danny/AppData/Local/Programs/Microsoft VS Code/bin:/mnt/c/Gradle/gradle-7.0.2-bin/gradle-7.0.2/bin:/mnt/c/MiKTeX/miktex/bin/x64/:/mnt/c/Program Files/mingw-w64/x86_64-8.1.0-posix-seh-rt_v6-rev0/mingw64/bin:/mnt/c/Users/danny/.dotnet/tools:/mnt/c/Users/danny/AppData/Local/spicetify:/mnt/c/ffmpeg/bin/:/mnt/c/Users/danny/.dotnet/tools:/mnt/c/php-8.2.3:/mnt/c/Program Files (x86)/Nmap:/mnt/c/opencv/opencv/build/x64/vc16/bin:/mnt/c/Users/danny/AppData/Local/GitHubDesktop/bin:/snap/bin

Yarn version: 
  1.22.19

Node version: 
  10.19.0

Platform: 
  linux x64

Trace: 
  Error: canceled
      at Interface.<anonymous> (/usr/local/lib/node_modules/yarn/lib/cli.js:137150:13)
      at Interface.emit (events.js:198:13)
      at Interface._ttyWrite (readline.js:801:16)
      at ReadStream.onkeypress (readline.js:184:10)
      at ReadStream.emit (events.js:198:13)
      at emitKeys (internal/readline.js:424:14)
      at emitKeys.next (<anonymous>)
      at ReadStream.onData (readline.js:1073:36)
      at ReadStream.emit (events.js:198:13)
      at addChunk (_stream_readable.js:288:12)

npm manifest: 
  No manifest

yarn manifest: 
  No manifest

Lockfile: 
  No lockfile
